-------------------------------------------------------------------------------
Test set: com.roca12.SistemaArtemisa.SistemaArtemisaApplicationTests
-------------------------------------------------------------------------------
Tests run: 1, Failures: 0, Errors: 1, Skipped: 0, Time elapsed: 0.906 s <<< FAILURE! - in com.roca12.SistemaArtemisa.SistemaArtemisaApplicationTests
com.roca12.SistemaArtemisa.SistemaArtemisaApplicationTests  Time elapsed: 0.901 s  <<< ERROR!
java.lang.IllegalStateException: Unable to find a @SpringBootConfiguration, you need to use @ContextConfiguration or @SpringBootTest(classes=...) with your test

